
> atlas-strategic-agent@3.2.3 type-check
> tsc --noEmit

src/components/a2ui/A2UIRenderer.tsx(35,9): error TS2322: Type 'string' is not assignable to type 'AGUIAction'.
src/components/a2ui/A2UIRenderer.tsx(48,15): error TS18048: 'props' is possibly 'undefined'.
src/components/a2ui/A2UIRenderer.tsx(51,14): error TS18048: 'props' is possibly 'undefined'.
src/components/a2ui/A2UIRenderer.tsx(57,12): error TS2304: Cannot find name 'motion'.
src/components/a2ui/A2UIRenderer.tsx(59,50): error TS18048: 'props' is possibly 'undefined'.
src/components/a2ui/A2UIRenderer.tsx(62,16): error TS18048: 'props' is possibly 'undefined'.
src/components/a2ui/A2UIRenderer.tsx(62,48): error TS18048: 'props' is possibly 'undefined'.
src/components/a2ui/A2UIRenderer.tsx(65,15): error TS18048: 'props' is possibly 'undefined'.
src/components/a2ui/A2UIRenderer.tsx(70,14): error TS18048: 'props' is possibly 'undefined'.
src/components/a2ui/A2UIRenderer.tsx(71,13): error TS2304: Cannot find name 'motion'.
src/components/a2ui/A2UIRenderer.tsx(80,15): error TS18048: 'props' is possibly 'undefined'.
src/components/a2ui/A2UIRenderer.tsx(83,15): error TS18048: 'props' is possibly 'undefined'.
src/components/a2ui/A2UIRenderer.tsx(84,16): error TS2304: Cannot find name 'motion'.
src/components/a2ui/A2UIRenderer.tsx(89,18): error TS18048: 'props' is possibly 'undefined'.
src/components/a2ui/A2UIRenderer.tsx(90,17): error TS2304: Cannot find name 'motion'.
src/components/a2ui/A2UIRenderer.tsx(92,22): error TS2339: Property 'children' does not exist on type 'A2UIElement'.
  Property 'children' does not exist on type 'A2UIButton'.
src/components/a2ui/A2UIRenderer.tsx(94,26): error TS2339: Property 'children' does not exist on type 'A2UIElement'.
  Property 'children' does not exist on type 'A2UIButton'.
src/components/a2ui/A2UIRenderer.tsx(94,40): error TS7006: Parameter 'child' implicitly has an 'any' type.
src/components/a2ui/A2UIRenderer.tsx(104,22): error TS18048: 'props' is possibly 'undefined'.
src/components/a2ui/A2UIRenderer.tsx(105,22): error TS18048: 'props' is possibly 'undefined'.
src/components/a2ui/A2UIRenderer.tsx(108,16): error TS2304: Cannot find name 'motion'.
src/components/a2ui/A2UIRenderer.tsx(111,38): error TS18048: 'props' is possibly 'undefined'.
src/components/a2ui/A2UIRenderer.tsx(121,15): error TS18048: 'props' is possibly 'undefined'.
src/components/a2ui/A2UIRenderer.tsx(123,18): error TS18048: 'props' is possibly 'undefined'.
src/components/a2ui/A2UIRenderer.tsx(127,22): error TS18048: 'props' is possibly 'undefined'.
src/components/a2ui/A2UIRenderer.tsx(128,28): error TS18048: 'props' is possibly 'undefined'.
src/components/a2ui/A2UIRenderer.tsx(131,17): error TS18048: 'props' is possibly 'undefined'.
src/components/a2ui/A2UIRenderer.tsx(133,29): error TS18048: 'props' is possibly 'undefined'.
src/components/a2ui/A2UIRenderer.tsx(150,15): error TS18048: 'props' is possibly 'undefined'.
src/components/a2ui/A2UIRenderer.tsx(151,16): error TS2304: Cannot find name 'motion'.
src/components/a2ui/A2UIRenderer.tsx(164,17): error TS2304: Cannot find name 'motion'.
src/components/a2ui/A2UIRenderer.tsx(171,12): error TS2304: Cannot find name 'motion'.
src/components/a2ui/A2UIRenderer.tsx(175,15): error TS18048: 'props' is possibly 'undefined'.
src/components/a2ui/A2UIRenderer.tsx(180,14): error TS2304: Cannot find name 'motion'.
src/components/a2ui/A2UIRenderer.tsx(185,17): error TS18048: 'props' is possibly 'undefined'.
src/components/a2ui/A2UIRenderer.tsx(186,15): error TS2304: Cannot find name 'motion'.
src/components/a2ui/A2UIRenderer.tsx(188,17): error TS18048: 'props' is possibly 'undefined'.
src/components/a2ui/A2UIRenderer.tsx(189,18): error TS2304: Cannot find name 'motion'.
src/components/a2ui/A2UIRenderer.tsx(195,20): error TS2304: Cannot find name 'motion'.
src/components/a2ui/A2UIRenderer.tsx(198,49): error TS18048: 'props' is possibly 'undefined'.
src/components/a2ui/A2UIRenderer.tsx(210,19): error TS2304: Cannot find name 'motion'.
src/components/a2ui/A2UIRenderer.tsx(213,13): error TS2304: Cannot find name 'motion'.
src/components/a2ui/A2UIRenderer.tsx(218,12): error TS2304: Cannot find name 'motion'.
src/components/a2ui/A2UIRenderer.tsx(221,64): error TS18048: 'props' is possibly 'undefined'.
src/components/a2ui/A2UIRenderer.tsx(228,18): error TS18048: 'props' is possibly 'undefined'.
src/components/a2ui/A2UIRenderer.tsx(233,17): error TS18048: 'props' is possibly 'undefined'.
src/components/a2ui/A2UIRenderer.tsx(240,18): error TS18048: 'props' is possibly 'undefined'.
src/components/a2ui/A2UIRenderer.tsx(243,16): error TS18048: 'props' is possibly 'undefined'.
src/components/a2ui/A2UIRenderer.tsx(245,13): error TS2304: Cannot find name 'motion'.
src/components/a2ui/A2UIRenderer.tsx(251,15): error TS18048: 'props' is possibly 'undefined'.
src/components/a2ui/A2UIRenderer.tsx(253,18): error TS18048: 'props' is possibly 'undefined'.
src/components/a2ui/A2UIRenderer.tsx(260,19): error TS18048: 'props' is possibly 'undefined'.
src/components/a2ui/A2UIRenderer.tsx(262,31): error TS18048: 'props' is possibly 'undefined'.
src/components/a2ui/A2UIRenderer.tsx(267,19): error TS18048: 'props' is possibly 'undefined'.
src/components/a2ui/A2UIRenderer.tsx(282,12): error TS2304: Cannot find name 'motion'.
src/components/a2ui/A2UIRenderer.tsx(289,13): error TS2304: Cannot find name 'motion'.
src/components/SettingsModal.tsx(3,36): error TS2307: Cannot find module '@services/storage.service' or its corresponding type declarations.
src/components/SettingsModal.tsx(125,8): error TS2552: Cannot find name 'motion'. Did you mean 'Option'?
src/components/SettingsModal.tsx(131,19): error TS7006: Parameter 'e' implicitly has an 'any' type.
src/components/SettingsModal.tsx(159,10): error TS2552: Cannot find name 'motion'. Did you mean 'Option'?
src/components/SettingsModal.tsx(175,11): error TS2552: Cannot find name 'motion'. Did you mean 'Option'?
src/components/SettingsModal.tsx(180,12): error TS2304: Cannot find name 'motion'.
src/components/SettingsModal.tsx(198,13): error TS2304: Cannot find name 'motion'.
src/components/SettingsModal.tsx(201,12): error TS2304: Cannot find name 'motion'.
src/components/SettingsModal.tsx(234,13): error TS2304: Cannot find name 'motion'.
src/components/SettingsModal.tsx(237,12): error TS2304: Cannot find name 'motion'.
src/components/SettingsModal.tsx(256,13): error TS2304: Cannot find name 'motion'.
src/components/SettingsModal.tsx(260,10): error TS2304: Cannot find name 'motion'.
src/components/SettingsModal.tsx(290,11): error TS2304: Cannot find name 'motion'.
src/components/SettingsModal.tsx(291,9): error TS2552: Cannot find name 'motion'. Did you mean 'Option'?
src/components/TaskBank.tsx(5,26): error TS2307: Cannot find module '@types/plan.types' or its corresponding type declarations.
src/components/TaskBank.tsx(5,26): error TS6137: Cannot import type declaration files. Consider importing 'plan.types' instead of '@types/plan.types'.
src/config/env.ts(7,36): error TS2307: Cannot find module '@services/storage.service' or its corresponding type declarations.
src/config/ui.tsx(8,28): error TS2307: Cannot find module '@types/plan.types' or its corresponding type declarations.
src/config/ui.tsx(8,28): error TS6137: Cannot import type declaration files. Consider importing 'plan.types' instead of '@types/plan.types'.
src/config/ui.tsx(28,19): error TS2304: Cannot find name 'cn'.
src/config/ui.tsx(34,18): error TS2304: Cannot find name 'cn'.
src/config/ui.tsx(65,7): error TS2769: No overload matches this call.
  The last overload gave the following error.
    Object literal may only specify known properties, and 'className' does not exist in type 'Partial<unknown> & Attributes'.
src/config/ui.tsx(65,18): error TS2304: Cannot find name 'cn'.
src/config/ui.tsx(85,40): error TS2339: Property 'type' does not exist on type 'string | number | bigint | boolean | ReactElement<unknown, string | JSXElementConstructor<any>> | Iterable<ReactNode> | ReactPortal | Promise<...>'.
  Property 'type' does not exist on type 'string'.
src/config/ui.tsx(88,6): error TS2552: Cannot find name 'motion'. Did you mean 'Option'?
src/config/ui.tsx(89,18): error TS2304: Cannot find name 'cn'.
src/config/ui.tsx(105,7): error TS2552: Cannot find name 'motion'. Did you mean 'Option'?
src/data/taskBank.ts(9,26): error TS2307: Cannot find module '@types/plan.types' or its corresponding type declarations.
src/data/taskBank.ts(9,26): error TS6137: Cannot import type declaration files. Consider importing 'plan.types' instead of '@types/plan.types'.
src/index.tsx(11,31): error TS2307: Cannot find module './components/ErrorBoundary' or its corresponding type declarations.
src/index.tsx(12,24): error TS2307: Cannot find module './components/Loader' or its corresponding type declarations.
src/index.tsx(40,27): error TS2339: Property 'VERSION' does not exist on type 'EnvConfig'.
src/index.tsx(75,8): error TS2304: Cannot find name 'motion'.
src/index.tsx(83,14): error TS2304: Cannot find name 'Zap'.
src/index.tsx(93,19): error TS2339: Property 'VERSION' does not exist on type 'EnvConfig'.
src/index.tsx(98,9): error TS2304: Cannot find name 'motion'.
src/index.tsx(104,14): error TS2304: Cannot find name 'motion'.
src/index.tsx(123,10): error TS2304: Cannot find name 'motion'.
src/index.tsx(132,33): error TS2339: Property 'TASKBANK_SIZE' does not exist on type 'EnvConfig'.
src/index.tsx(133,11): error TS2304: Cannot find name 'motion'.
src/index.tsx(135,10): error TS2304: Cannot find name 'motion'.
src/index.tsx(145,11): error TS2304: Cannot find name 'motion'.
src/index.tsx(149,10): error TS2304: Cannot find name 'motion'.
src/index.tsx(157,11): error TS2304: Cannot find name 'motion'.
src/index.tsx(180,36): error TS2339: Property 'TASKBANK_SIZE' does not exist on type 'EnvConfig'.
src/lib/adk/agents.ts(11,3): error TS2305: Module '"@types"' has no exported member 'A2UIComponentType'.
src/lib/adk/agents.ts(11,3): error TS6133: 'A2UIComponentType' is declared but its value is never read.
src/lib/adk/agents.ts(103,5): error TS6133: 'prompt' is declared but its value is never read.
src/lib/adk/factory.ts(9,1): error TS6133: 'ENV' is declared but its value is never read.
src/lib/adk/index.ts(6,1): error TS6133: 'AgentPersona' is declared but its value is never read.
src/lib/adk/orchestrator.ts(7,25): error TS6133: 'TaskStatus' is declared but its value is never read.
src/lib/adk/orchestrator.ts(9,1): error TS6133: 'ENV' is declared but its value is never read.
src/lib/adk/orchestrator.ts(89,7): error TS2322: Type 'import("C:/Users/mayan/Downloads/atlas-strategic-agent-main/atlas-strategic-agent-main/src/data/taskBank").BankTask[]' is not assignable to type 'import("C:/Users/mayan/Downloads/atlas-strategic-agent-main/atlas-strategic-agent-main/src/types/index").BankTask[]'.
  Type 'BankTask' is missing the following properties from type 'BankTask': quarter, effort
src/lib/adk/orchestrator.ts(164,9): error TS2322: Type 'import("C:/Users/mayan/Downloads/atlas-strategic-agent-main/atlas-strategic-agent-main/src/data/taskBank").BankTask[]' is not assignable to type 'import("C:/Users/mayan/Downloads/atlas-strategic-agent-main/atlas-strategic-agent-main/src/types/index").BankTask[]'.
  Type 'BankTask' is missing the following properties from type 'BankTask': quarter, effort
src/lib/adk/protocol.ts(6,10): error TS6133: 'AgentPersona' is declared but its value is never read.
src/lib/adk/protocol.ts(6,50): error TS2305: Module '"@types"' has no exported member 'A2UIComponentType'.
src/lib/adk/types.ts(11,3): error TS2305: Module '"@types"' has no exported member 'MissionResult'.
src/lib/adk/types.ts(12,3): error TS2305: Module '"@types"' has no exported member 'FailureCascadeResult'.
src/lib/adk/uiBuilder.ts(6,36): error TS2305: Module '"@types"' has no exported member 'A2UIComponentType'.
src/lib/adk/uiBuilder.ts(27,24): error TS2352: Conversion of type '{ id: string; type: A2UIComponentType; props: { className: "glass-2 backdrop-blur-3xl"; variant: "glass"; }; }' to type 'A2UIElement' may be a mistake because neither type sufficiently overlaps with the other. If this was intentional, convert the expression to 'unknown' first.
  Property 'children' is missing in type '{ id: string; type: A2UIComponentType; props: { className: "glass-2 backdrop-blur-3xl"; variant: "glass"; }; }' but required in type 'A2UIContainer'.
src/lib/adk/uiBuilder.ts(97,5): error TS6133: 'goal' is declared but its value is never read.
src/services/githubService.ts(47,36): error TS2339: Property 'parseErrorResponse' does not exist on type 'GithubService'.
src/services/githubService.ts(64,7): error TS2322: Type 'string[] | undefined' is not assignable to type 'string[]'.
  Type 'undefined' is not assignable to type 'string[]'.
src/services/githubService.ts(146,20): error TS2339: Property 'addToProject' does not exist on type 'GithubService'.
src/services/githubService.ts(278,7): error TS2322: Type '(string | undefined)[]' is not assignable to type 'string[]'.
  Type 'string | undefined' is not assignable to type 'string'.
    Type 'undefined' is not assignable to type 'string'.
src/services/index.ts(12,1): error TS6133: 'ENV' is declared but its value is never read.
src/services/index.ts(14,21): error TS6196: 'SubTask' is declared but never used.
src/services/index.ts(66,5): error TS2739: Type 'SubTask[]' is missing the following properties from type 'Plan': projectName, goal, tasks
src/services/index.ts(81,8): error TS2339: Property 'row' does not exist on type 'UIBuilder'.
src/services/index.ts(124,35): error TS2339: Property 'summarizeMission' does not exist on type 'MissionControl'.
src/services/jiraService.ts(18,27): error TS6133: 'BASE_URL' is declared but its value is never read.
src/services/jiraService.ts(39,38): error TS2339: Property 'parseJiraError' does not exist on type 'JiraService'.
src/services/jiraService.ts(131,40): error TS2339: Property 'getEpicKey' does not exist on type 'JiraService'.
src/services/jiraService.ts(133,26): error TS2339: Property 'linkToEpic' does not exist on type 'JiraService'.
src/services/jiraService.ts(140,48): error TS2322: Type 'Error' is not assignable to type 'string'.
src/services/jiraService.ts(291,36): error TS2339: Property 'getAvailableTransitions' does not exist on type 'JiraService'.
src/services/jiraService.ts(292,31): error TS2339: Property 'findTransition' does not exist on type 'JiraService'.
src/services/jiraService.ts(336,5): error TS2322: Type '{ apiKey: string | null; domain: string | null; projectKey: string | null; email: string | null; }' is not assignable to type 'JiraConfig'.
  Types of property 'apiKey' are incompatible.
    Type 'string | null' is not assignable to type 'string'.
      Type 'null' is not assignable to type 'string'.
src/services/jiraService.ts(345,20): error TS2339: Property 'mapJiraStatus' does not exist on type 'JiraService'.
src/services/jiraService.ts(346,22): error TS2551: Property 'mapJiraPriority' does not exist on type 'JiraService'. Did you mean 'mapPriority'?
src/services/persistenceService.ts(135,21): error TS2345: Argument of type '"github_api_key_enc_v3.2"' is not assignable to parameter of type '"CURRENT_PLAN" | "MESSAGES" | "SETTINGS" | "LAST_SYNC" | "GITHUB_CONFIG" | "GITHUB_API_KEY" | "JIRA_CONFIG" | "JIRA_API_KEY" | "AGENT_SESSIONS" | "TASKBANK_FILTERS" | "GITHUB_WORKFLOWS"'.
src/services/persistenceService.ts(150,32): error TS2345: Argument of type '"github_api_key_enc_v3.2"' is not assignable to parameter of type '"CURRENT_PLAN" | "MESSAGES" | "SETTINGS" | "LAST_SYNC" | "GITHUB_CONFIG" | "GITHUB_API_KEY" | "JIRA_CONFIG" | "JIRA_API_KEY" | "AGENT_SESSIONS" | "TASKBANK_FILTERS" | "GITHUB_WORKFLOWS"'.
src/services/persistenceService.ts(158,27): error TS2345: Argument of type '"github_api_key_enc_v3.2"' is not assignable to parameter of type '"CURRENT_PLAN" | "MESSAGES" | "SETTINGS" | "LAST_SYNC" | "GITHUB_CONFIG" | "GITHUB_API_KEY" | "JIRA_CONFIG" | "JIRA_API_KEY" | "AGENT_SESSIONS" | "TASKBANK_FILTERS" | "GITHUB_WORKFLOWS"'.
src/services/persistenceService.ts(198,21): error TS2345: Argument of type '"jira_api_key_enc_v3.2"' is not assignable to parameter of type '"CURRENT_PLAN" | "MESSAGES" | "SETTINGS" | "LAST_SYNC" | "GITHUB_CONFIG" | "GITHUB_API_KEY" | "JIRA_CONFIG" | "JIRA_API_KEY" | "AGENT_SESSIONS" | "TASKBANK_FILTERS" | "GITHUB_WORKFLOWS"'.
src/services/persistenceService.ts(213,32): error TS2345: Argument of type '"jira_api_key_enc_v3.2"' is not assignable to parameter of type '"CURRENT_PLAN" | "MESSAGES" | "SETTINGS" | "LAST_SYNC" | "GITHUB_CONFIG" | "GITHUB_API_KEY" | "JIRA_CONFIG" | "JIRA_API_KEY" | "AGENT_SESSIONS" | "TASKBANK_FILTERS" | "GITHUB_WORKFLOWS"'.
src/services/persistenceService.ts(221,27): error TS2345: Argument of type '"jira_api_key_enc_v3.2"' is not assignable to parameter of type '"CURRENT_PLAN" | "MESSAGES" | "SETTINGS" | "LAST_SYNC" | "GITHUB_CONFIG" | "GITHUB_API_KEY" | "JIRA_CONFIG" | "JIRA_API_KEY" | "AGENT_SESSIONS" | "TASKBANK_FILTERS" | "GITHUB_WORKFLOWS"'.
vitest.config.ts(30,7): error TS2769: No overload matches this call.
  The last overload gave the following error.
    Object literal may only specify known properties, and 'all' does not exist in type '{ provider: "v8"; } & CoverageV8Options'.
